<?xml version="1.0" encoding="UTF-8"?>
<!-- Generated by org.testng.reporters.JUnitReportReporter -->
<testsuite skipped="0" hostname="DESKTOP-JOQ5JFT" name="TestCases.TestMultiple" tests="2" failures="0" timestamp="2023-02-04T10:15:04 IST" time="7.090" errors="0">
  <testcase name="testRepatedChards" time="2.006" classname="TestCases.TestMultiple"/>
  <system-out/>
  <testcase name="testHover" time="5.084" classname="TestCases.TestMultiple"/>
  <system-out/>
</testsuite> <!-- TestCases.TestMultiple -->
