<?xml version="1.0" encoding="UTF-8"?>
<!-- Generated by org.testng.reporters.JUnitReportReporter -->
<testsuite skipped="0" hostname="DESKTOP-JOQ5JFT" name="TestCases.TestMultiple" tests="2" failures="0" timestamp="2023-01-31T13:53:53 IST" time="7.065" errors="0">
  <testcase name="testHover" time="5.053" classname="TestCases.TestMultiple"/>
  <system-out/>
  <testcase name="testRepatedChards" time="2.012" classname="TestCases.TestMultiple"/>
  <system-out/>
</testsuite> <!-- TestCases.TestMultiple -->
