<?xml version="1.0" encoding="UTF-8"?>
<!-- Generated by org.testng.reporters.JUnitReportReporter -->
<testsuite skipped="0" hostname="DESKTOP-JOQ5JFT" name="TestCases.TestMultiple" tests="2" failures="0" timestamp="2023-02-04T10:43:38 IST" time="7.073" errors="0">
  <testcase name="testRepatedChards" time="2.004" classname="TestCases.TestMultiple"/>
  <system-out/>
  <testcase name="testHover" time="5.069" classname="TestCases.TestMultiple"/>
  <system-out/>
</testsuite> <!-- TestCases.TestMultiple -->
