<?xml version="1.0" encoding="UTF-8"?>
<!-- Generated by org.testng.reporters.JUnitReportReporter -->
<testsuite hostname="DESKTOP-JOQ5JFT" failures="0" tests="2" name="TestCases.TestMultiple" time="6.934" errors="0" timestamp="2023-01-31T13:54:55 IST" skipped="0">
  <testcase classname="TestCases.TestMultiple" name="testRepatedChards" time="2.004"/>
  <system-out/>
  <testcase classname="TestCases.TestMultiple" name="testHover" time="4.930"/>
  <system-out/>
</testsuite> <!-- TestCases.TestMultiple -->
